<?xml version="1.0" encoding="UTF-8"?>
<testng-results ignored="0" total="3" passed="3" failed="0" skipped="0">
  <reporter-output>
  </reporter-output>
  <suite started-at="2022-06-09T16:19:35 IST" name="Default suite" finished-at="2022-06-09T16:19:53 IST" duration-ms="18619">
    <groups>
    </groups>
    <test started-at="2022-06-09T16:19:35 IST" name="Default test" finished-at="2022-06-09T16:19:53 IST" duration-ms="18619">
      <class name="youtube.withRequestAndResponse">
        <test-method signature="TestGet()[pri:0, instance:youtube.withRequestAndResponse@1d71006f]" started-at="2022-06-09T16:19:35 IST" name="TestGet" finished-at="2022-06-09T16:19:37 IST" duration-ms="2009" status="PASS">
          <reporter-output>
          </reporter-output>
        </test-method> <!-- TestGet -->
        <test-method signature="TestPost()[pri:0, instance:youtube.withRequestAndResponse@1d71006f]" started-at="2022-06-09T16:19:37 IST" name="TestPost" finished-at="2022-06-09T16:19:38 IST" duration-ms="1016" status="PASS">
          <reporter-output>
          </reporter-output>
        </test-method> <!-- TestPost -->
        <test-method signature="putAndDelete()[pri:0, instance:youtube.withRequestAndResponse@1d71006f]" started-at="2022-06-09T16:19:38 IST" name="putAndDelete" finished-at="2022-06-09T16:19:53 IST" duration-ms="15553" status="PASS">
          <reporter-output>
          </reporter-output>
        </test-method> <!-- putAndDelete -->
      </class> <!-- youtube.withRequestAndResponse -->
    </test> <!-- Default test -->
  </suite> <!-- Default suite -->
</testng-results>
