<?xml version="1.0" encoding="UTF-8"?>
<!-- Generated by org.testng.reporters.JUnitXMLReporter -->
<testsuite ignored="0" hostname="LIN51015006" failures="0" tests="3" name="Default test" time="18.619" errors="0" timestamp="2022-06-09T16:19:53 IST">
  <testcase classname="youtube.withRequestAndResponse" name="TestGet" time="2.009"/>
  <testcase classname="youtube.withRequestAndResponse" name="TestPost" time="1.016"/>
  <testcase classname="youtube.withRequestAndResponse" name="putAndDelete" time="15.553"/>
</testsuite> <!-- Default test -->
